
*** Running vivado
    with args -log lab4_top.vds -m64 -product Vivado -mode batch -messageDb vivado.pb -notrace -source lab4_top.tcl


****** Vivado v2021.2 (64-bit)
  **** SW Build 3367213 on Tue Oct 19 02:47:39 MDT 2021
  **** IP Build 3369179 on Thu Oct 21 08:25:16 MDT 2021
    ** Copyright 1986-2021 Xilinx, Inc. All Rights Reserved.

source lab4_top.tcl -notrace
Command: read_checkpoint -auto_incremental -incremental /Data/Hopkins/VHDL/Module5/lab4/lab4.srcs/utils_1/imports/synth_1/lab4_top.dcp
INFO: [Vivado 12-5825] Read reference checkpoint from /Data/Hopkins/VHDL/Module5/lab4/lab4.srcs/utils_1/imports/synth_1/lab4_top.dcp for incremental synthesis
INFO: [Vivado 12-7989] Please ensure there are no constraint changes
Command: synth_design -top lab4_top -part xc7a100tcsg324-1
Starting synth_design
Attempting to get a license for feature 'Synthesis' and/or device 'xc7a100t'
INFO: [Common 17-349] Got license for feature 'Synthesis' and/or device 'xc7a100t'
INFO: [Device 21-403] Loading part xc7a100tcsg324-1
WARNING: [Designutils 20-4072] Reference run did not run incremental synthesis because the design is too small; reverting to default synthesis
INFO: [Designutils 20-4379] Flow is switching to default flow due to incremental criteria not met. If you would like to alter this behaviour and have the flow terminate instead, please set the following parameter config_implementation {autoIncr.Synth.RejectBehavior Terminate}
INFO: [Synth 8-7079] Multithreading enabled for synth_design using a maximum of 4 processes.
INFO: [Synth 8-7078] Launching helper process for spawning children vivado processes
INFO: [Synth 8-7075] Helper process launched with PID 418143
---------------------------------------------------------------------------------
Starting RTL Elaboration : Time (s): cpu = 00:00:02 ; elapsed = 00:00:02 . Memory (MB): peak = 2608.238 ; gain = 0.000 ; free physical = 563 ; free virtual = 2689
---------------------------------------------------------------------------------
INFO: [Synth 8-638] synthesizing module 'lab4_top' [/Data/Hopkins/VHDL/Module5/lab4/lab4.srcs/sources_1/new/lab4_top.vhd:62]
INFO: [Synth 8-638] synthesizing module 'seg7_controller' [/Data/Hopkins/VHDL/Module5/lab4/lab4.srcs/sources_1/new/seg7_controller.vhd:27]
INFO: [Synth 8-638] synthesizing module 'pulse_gen' [/Data/Hopkins/VHDL/Module5/lab4/lab4.srcs/sources_1/new/pulse_gen.vhd:14]
INFO: [Synth 8-256] done synthesizing module 'pulse_gen' (1#1) [/Data/Hopkins/VHDL/Module5/lab4/lab4.srcs/sources_1/new/pulse_gen.vhd:14]
WARNING: [Synth 8-614] signal 'counter' is read in the process but is not in the sensitivity list [/Data/Hopkins/VHDL/Module5/lab4/lab4.srcs/sources_1/new/seg7_controller.vhd:42]
WARNING: [Synth 8-614] signal 'c1' is read in the process but is not in the sensitivity list [/Data/Hopkins/VHDL/Module5/lab4/lab4.srcs/sources_1/new/seg7_controller.vhd:42]
WARNING: [Synth 8-614] signal 'c2' is read in the process but is not in the sensitivity list [/Data/Hopkins/VHDL/Module5/lab4/lab4.srcs/sources_1/new/seg7_controller.vhd:42]
WARNING: [Synth 8-614] signal 'c3' is read in the process but is not in the sensitivity list [/Data/Hopkins/VHDL/Module5/lab4/lab4.srcs/sources_1/new/seg7_controller.vhd:42]
WARNING: [Synth 8-614] signal 'c4' is read in the process but is not in the sensitivity list [/Data/Hopkins/VHDL/Module5/lab4/lab4.srcs/sources_1/new/seg7_controller.vhd:42]
WARNING: [Synth 8-614] signal 'c5' is read in the process but is not in the sensitivity list [/Data/Hopkins/VHDL/Module5/lab4/lab4.srcs/sources_1/new/seg7_controller.vhd:42]
WARNING: [Synth 8-614] signal 'c6' is read in the process but is not in the sensitivity list [/Data/Hopkins/VHDL/Module5/lab4/lab4.srcs/sources_1/new/seg7_controller.vhd:42]
WARNING: [Synth 8-614] signal 'c7' is read in the process but is not in the sensitivity list [/Data/Hopkins/VHDL/Module5/lab4/lab4.srcs/sources_1/new/seg7_controller.vhd:42]
WARNING: [Synth 8-614] signal 'c8' is read in the process but is not in the sensitivity list [/Data/Hopkins/VHDL/Module5/lab4/lab4.srcs/sources_1/new/seg7_controller.vhd:42]
WARNING: [Synth 8-614] signal 'char' is read in the process but is not in the sensitivity list [/Data/Hopkins/VHDL/Module5/lab4/lab4.srcs/sources_1/new/seg7_controller.vhd:42]
INFO: [Synth 8-256] done synthesizing module 'seg7_controller' (2#1) [/Data/Hopkins/VHDL/Module5/lab4/lab4.srcs/sources_1/new/seg7_controller.vhd:27]
INFO: [Synth 8-638] synthesizing module 'vga_controller' [/Data/Hopkins/VHDL/Module5/lab4/lab4.srcs/sources_1/new/vga_controller.vhd:49]
INFO: [Synth 8-256] done synthesizing module 'vga_controller' (3#1) [/Data/Hopkins/VHDL/Module5/lab4/lab4.srcs/sources_1/new/vga_controller.vhd:49]
INFO: [Synth 8-256] done synthesizing module 'lab4_top' (4#1) [/Data/Hopkins/VHDL/Module5/lab4/lab4.srcs/sources_1/new/lab4_top.vhd:62]
WARNING: [Synth 8-7129] Port BTNU in module lab4_top is either unconnected or has no load
WARNING: [Synth 8-7129] Port BTND in module lab4_top is either unconnected or has no load
WARNING: [Synth 8-7129] Port BTNL in module lab4_top is either unconnected or has no load
WARNING: [Synth 8-7129] Port BTNR in module lab4_top is either unconnected or has no load
---------------------------------------------------------------------------------
Finished RTL Elaboration : Time (s): cpu = 00:00:03 ; elapsed = 00:00:03 . Memory (MB): peak = 2608.238 ; gain = 0.000 ; free physical = 279 ; free virtual = 2386
---------------------------------------------------------------------------------
---------------------------------------------------------------------------------
Start Handling Custom Attributes
---------------------------------------------------------------------------------
---------------------------------------------------------------------------------
Finished Handling Custom Attributes : Time (s): cpu = 00:00:03 ; elapsed = 00:00:04 . Memory (MB): peak = 2608.238 ; gain = 0.000 ; free physical = 455 ; free virtual = 2561
---------------------------------------------------------------------------------
---------------------------------------------------------------------------------
Finished RTL Optimization Phase 1 : Time (s): cpu = 00:00:03 ; elapsed = 00:00:04 . Memory (MB): peak = 2608.238 ; gain = 0.000 ; free physical = 459 ; free virtual = 2565
---------------------------------------------------------------------------------
Netlist sorting complete. Time (s): cpu = 00:00:00 ; elapsed = 00:00:00.01 . Memory (MB): peak = 2608.238 ; gain = 0.000 ; free physical = 1109 ; free virtual = 3216
INFO: [Project 1-570] Preparing netlist for logic optimization

Processing XDC Constraints
Initializing timing engine
Parsing XDC File [/Data/Hopkins/VHDL/Module5/lab4/lab4.srcs/constrs_1/new/nexys4_constraints.xdc]
Finished Parsing XDC File [/Data/Hopkins/VHDL/Module5/lab4/lab4.srcs/constrs_1/new/nexys4_constraints.xdc]
INFO: [Project 1-236] Implementation specific constraints were found while reading constraint file [/Data/Hopkins/VHDL/Module5/lab4/lab4.srcs/constrs_1/new/nexys4_constraints.xdc]. These constraints will be ignored for synthesis but will be used in implementation. Impacted constraints are listed in the file [.Xil/lab4_top_propImpl.xdc].
Resolution: To avoid this warning, move constraints listed in [.Xil/lab4_top_propImpl.xdc] to another XDC file and exclude this new file from synthesis with the used_in_synthesis property (File Properties dialog in GUI) and re-run elaboration/synthesis.
Completed Processing XDC Constraints

Netlist sorting complete. Time (s): cpu = 00:00:00 ; elapsed = 00:00:00 . Memory (MB): peak = 2672.164 ; gain = 0.000 ; free physical = 1110 ; free virtual = 3216
INFO: [Project 1-111] Unisim Transformation Summary:
No Unisim elements were transformed.

Constraint Validation Runtime : Time (s): cpu = 00:00:00 ; elapsed = 00:00:00 . Memory (MB): peak = 2672.164 ; gain = 0.000 ; free physical = 1110 ; free virtual = 3216
WARNING: [Designutils 20-4072] Reference run did not run incremental synthesis because the design is too small; reverting to default synthesis
INFO: [Designutils 20-4379] Flow is switching to default flow due to incremental criteria not met. If you would like to alter this behaviour and have the flow terminate instead, please set the following parameter config_implementation {autoIncr.Synth.RejectBehavior Terminate}
---------------------------------------------------------------------------------
Finished Constraint Validation : Time (s): cpu = 00:00:07 ; elapsed = 00:00:07 . Memory (MB): peak = 2672.164 ; gain = 63.926 ; free physical = 1073 ; free virtual = 3222
---------------------------------------------------------------------------------
---------------------------------------------------------------------------------
Start Loading Part and Timing Information
---------------------------------------------------------------------------------
Loading part: xc7a100tcsg324-1
---------------------------------------------------------------------------------
Finished Loading Part and Timing Information : Time (s): cpu = 00:00:07 ; elapsed = 00:00:07 . Memory (MB): peak = 2672.164 ; gain = 63.926 ; free physical = 1073 ; free virtual = 3222
---------------------------------------------------------------------------------
---------------------------------------------------------------------------------
Start Applying 'set_property' XDC Constraints
---------------------------------------------------------------------------------
---------------------------------------------------------------------------------
Finished applying 'set_property' XDC Constraints : Time (s): cpu = 00:00:07 ; elapsed = 00:00:07 . Memory (MB): peak = 2672.164 ; gain = 63.926 ; free physical = 1073 ; free virtual = 3222
---------------------------------------------------------------------------------
INFO: [Synth 8-802] inferred FSM for state register 'start_color_reg' in module 'vga_controller'
---------------------------------------------------------------------------------------------------
                   State |                     New Encoding |                Previous Encoding 
---------------------------------------------------------------------------------------------------
                 iSTATE0 |                                0 |                     000101111001
                  iSTATE |                                1 |                     001100001111
*
---------------------------------------------------------------------------------------------------
INFO: [Synth 8-3354] encoded FSM with state register 'start_color_reg' using encoding 'sequential' in module 'vga_controller'
---------------------------------------------------------------------------------
Finished RTL Optimization Phase 2 : Time (s): cpu = 00:00:07 ; elapsed = 00:00:07 . Memory (MB): peak = 2672.164 ; gain = 63.926 ; free physical = 1064 ; free virtual = 3213
---------------------------------------------------------------------------------
---------------------------------------------------------------------------------
Start RTL Component Statistics 
---------------------------------------------------------------------------------
Detailed RTL Component Info : 
+---Adders : 
	   2 Input   10 Bit       Adders := 3     
	   2 Input    9 Bit       Adders := 1     
	   2 Input    3 Bit       Adders := 1     
+---Registers : 
	               12 Bit    Registers := 1     
	               10 Bit    Registers := 3     
	                9 Bit    Registers := 1     
	                4 Bit    Registers := 3     
	                3 Bit    Registers := 1     
	                1 Bit    Registers := 5     
+---Muxes : 
	   2 Input   12 Bit        Muxes := 2     
	   2 Input   10 Bit        Muxes := 3     
	   8 Input    8 Bit        Muxes := 1     
	   2 Input    4 Bit        Muxes := 3     
	   2 Input    1 Bit        Muxes := 7     
---------------------------------------------------------------------------------
Finished RTL Component Statistics 
---------------------------------------------------------------------------------
---------------------------------------------------------------------------------
Start Part Resource Summary
---------------------------------------------------------------------------------
Part Resources:
DSPs: 240 (col length:80)
BRAMs: 270 (col length: RAMB18 80 RAMB36 40)
---------------------------------------------------------------------------------
Finished Part Resource Summary
---------------------------------------------------------------------------------
---------------------------------------------------------------------------------
Start Cross Boundary and Area Optimization
---------------------------------------------------------------------------------
WARNING: [Synth 8-7080] Parallel synthesis criteria is not met
WARNING: [Synth 8-7129] Port BTNU in module lab4_top is either unconnected or has no load
WARNING: [Synth 8-7129] Port BTND in module lab4_top is either unconnected or has no load
WARNING: [Synth 8-7129] Port BTNL in module lab4_top is either unconnected or has no load
WARNING: [Synth 8-7129] Port BTNR in module lab4_top is either unconnected or has no load
---------------------------------------------------------------------------------
Finished Cross Boundary and Area Optimization : Time (s): cpu = 00:00:08 ; elapsed = 00:00:09 . Memory (MB): peak = 2672.164 ; gain = 63.926 ; free physical = 1048 ; free virtual = 3201
---------------------------------------------------------------------------------
---------------------------------------------------------------------------------
Start Applying XDC Timing Constraints
---------------------------------------------------------------------------------
---------------------------------------------------------------------------------
Finished Applying XDC Timing Constraints : Time (s): cpu = 00:00:11 ; elapsed = 00:00:12 . Memory (MB): peak = 2672.164 ; gain = 63.926 ; free physical = 926 ; free virtual = 3078
---------------------------------------------------------------------------------
---------------------------------------------------------------------------------
Start Timing Optimization
---------------------------------------------------------------------------------
---------------------------------------------------------------------------------
Finished Timing Optimization : Time (s): cpu = 00:00:11 ; elapsed = 00:00:12 . Memory (MB): peak = 2672.164 ; gain = 63.926 ; free physical = 949 ; free virtual = 3102
---------------------------------------------------------------------------------
---------------------------------------------------------------------------------
Start Technology Mapping
---------------------------------------------------------------------------------
---------------------------------------------------------------------------------
Finished Technology Mapping : Time (s): cpu = 00:00:11 ; elapsed = 00:00:12 . Memory (MB): peak = 2672.164 ; gain = 63.926 ; free physical = 949 ; free virtual = 3101
---------------------------------------------------------------------------------
---------------------------------------------------------------------------------
Start IO Insertion
---------------------------------------------------------------------------------
---------------------------------------------------------------------------------
Start Flattening Before IO Insertion
---------------------------------------------------------------------------------
---------------------------------------------------------------------------------
Finished Flattening Before IO Insertion
---------------------------------------------------------------------------------
---------------------------------------------------------------------------------
Start Final Netlist Cleanup
---------------------------------------------------------------------------------
---------------------------------------------------------------------------------
Finished Final Netlist Cleanup
---------------------------------------------------------------------------------
---------------------------------------------------------------------------------
Finished IO Insertion : Time (s): cpu = 00:00:14 ; elapsed = 00:00:15 . Memory (MB): peak = 2672.164 ; gain = 63.926 ; free physical = 1038 ; free virtual = 3180
---------------------------------------------------------------------------------
---------------------------------------------------------------------------------
Start Renaming Generated Instances
---------------------------------------------------------------------------------
---------------------------------------------------------------------------------
Finished Renaming Generated Instances : Time (s): cpu = 00:00:14 ; elapsed = 00:00:15 . Memory (MB): peak = 2672.164 ; gain = 63.926 ; free physical = 1038 ; free virtual = 3180
---------------------------------------------------------------------------------
---------------------------------------------------------------------------------
Start Rebuilding User Hierarchy
---------------------------------------------------------------------------------
---------------------------------------------------------------------------------
Finished Rebuilding User Hierarchy : Time (s): cpu = 00:00:14 ; elapsed = 00:00:15 . Memory (MB): peak = 2672.164 ; gain = 63.926 ; free physical = 1038 ; free virtual = 3180
---------------------------------------------------------------------------------
---------------------------------------------------------------------------------
Start Renaming Generated Ports
---------------------------------------------------------------------------------
---------------------------------------------------------------------------------
Finished Renaming Generated Ports : Time (s): cpu = 00:00:14 ; elapsed = 00:00:15 . Memory (MB): peak = 2672.164 ; gain = 63.926 ; free physical = 1038 ; free virtual = 3180
---------------------------------------------------------------------------------
---------------------------------------------------------------------------------
Start Handling Custom Attributes
---------------------------------------------------------------------------------
---------------------------------------------------------------------------------
Finished Handling Custom Attributes : Time (s): cpu = 00:00:14 ; elapsed = 00:00:15 . Memory (MB): peak = 2672.164 ; gain = 63.926 ; free physical = 1038 ; free virtual = 3180
---------------------------------------------------------------------------------
---------------------------------------------------------------------------------
Start Renaming Generated Nets
---------------------------------------------------------------------------------
---------------------------------------------------------------------------------
Finished Renaming Generated Nets : Time (s): cpu = 00:00:14 ; elapsed = 00:00:15 . Memory (MB): peak = 2672.164 ; gain = 63.926 ; free physical = 1038 ; free virtual = 3180
---------------------------------------------------------------------------------
---------------------------------------------------------------------------------
Start Writing Synthesis Report
---------------------------------------------------------------------------------

Report BlackBoxes: 
+-+--------------+----------+
| |BlackBox name |Instances |
+-+--------------+----------+
+-+--------------+----------+

Report Cell Usage: 
+------+-------+------+
|      |Cell   |Count |
+------+-------+------+
|1     |BUFG   |     1|
|2     |CARRY4 |    14|
|3     |LUT1   |     3|
|4     |LUT2   |     4|
|5     |LUT3   |    25|
|6     |LUT4   |    16|
|7     |LUT5   |    20|
|8     |LUT6   |    34|
|9     |FDCE   |    93|
|10    |FDPE   |     1|
|11    |FDRE   |     4|
|12    |IBUF   |     2|
|13    |OBUF   |    30|
+------+-------+------+
---------------------------------------------------------------------------------
Finished Writing Synthesis Report : Time (s): cpu = 00:00:14 ; elapsed = 00:00:15 . Memory (MB): peak = 2672.164 ; gain = 63.926 ; free physical = 1038 ; free virtual = 3180
---------------------------------------------------------------------------------
Synthesis finished with 0 errors, 0 critical warnings and 5 warnings.
Synthesis Optimization Runtime : Time (s): cpu = 00:00:13 ; elapsed = 00:00:14 . Memory (MB): peak = 2672.164 ; gain = 0.000 ; free physical = 1148 ; free virtual = 3290
Synthesis Optimization Complete : Time (s): cpu = 00:00:14 ; elapsed = 00:00:15 . Memory (MB): peak = 2672.164 ; gain = 63.926 ; free physical = 1148 ; free virtual = 3290
INFO: [Project 1-571] Translating synthesized netlist
Netlist sorting complete. Time (s): cpu = 00:00:00 ; elapsed = 00:00:00 . Memory (MB): peak = 2672.164 ; gain = 0.000 ; free physical = 1237 ; free virtual = 3379
INFO: [Netlist 29-17] Analyzing 14 Unisim elements for replacement
INFO: [Netlist 29-28] Unisim Transformation completed in 0 CPU seconds
INFO: [Project 1-570] Preparing netlist for logic optimization
INFO: [Opt 31-138] Pushed 0 inverter(s) to 0 load pin(s).
Netlist sorting complete. Time (s): cpu = 00:00:00 ; elapsed = 00:00:00 . Memory (MB): peak = 2672.164 ; gain = 0.000 ; free physical = 1178 ; free virtual = 3320
INFO: [Project 1-111] Unisim Transformation Summary:
No Unisim elements were transformed.

Synth Design complete, checksum: 8b7cec97
INFO: [Common 17-83] Releasing license: Synthesis
29 Infos, 21 Warnings, 0 Critical Warnings and 0 Errors encountered.
synth_design completed successfully
synth_design: Time (s): cpu = 00:00:20 ; elapsed = 00:00:17 . Memory (MB): peak = 2672.164 ; gain = 64.031 ; free physical = 1379 ; free virtual = 3521
INFO: [Common 17-1381] The checkpoint '/Data/Hopkins/VHDL/Module5/lab4/lab4.runs/synth_1/lab4_top.dcp' has been generated.
INFO: [runtcl-4] Executing : report_utilization -file lab4_top_utilization_synth.rpt -pb lab4_top_utilization_synth.pb
INFO: [Common 17-206] Exiting Vivado at Fri Feb 25 19:29:48 2022...
